<?xml version="1.0" encoding="UTF-8"?>
<!-- Generated by org.testng.reporters.JUnitReportReporter -->
<testsuite hostname="Maithili" failures="0" tests="10" name="Tests.LoginTest" time="264.956" errors="0" timestamp="2026-01-15T19:04:14 IST" skipped="0">
  <testcase classname="Tests.LoginTest" name="loginWithValidCredentials" time="4.895"/>
  <testcase classname="Tests.LoginTest" name="whitespaceInUsernamePasswordTest" time="3.293"/>
  <testcase classname="Tests.LoginTest" name="invalidPasswordTest" time="3.443"/>
  <testcase classname="Tests.LoginTest" name="emptyUsernameAndPasswordTest" time="3.817"/>
  <testcase classname="Tests.LoginTest" name="sqlInjectionAttemptTest" time="22.037"/>
  <testcase classname="Tests.LoginTest" name="lockedOutUserTest" time="4.022"/>
  <testcase classname="Tests.LoginTest" name="invalidUsernameTest" time="3.973"/>
  <testcase classname="Tests.LoginTest" name="emptyPasswordTest" time="3.303"/>
  <testcase classname="Tests.LoginTest" name="longUsernamePasswordTest" time="4.033"/>
  <testcase classname="Tests.LoginTest" name="emptyUsernameTest" time="212.140"/>
</testsuite> <!-- Tests.LoginTest -->
