<?xml version="1.0" encoding="UTF-8"?>
<testng-results ignored="0" total="17" passed="14" failed="3" skipped="0">
  <reporter-output>
  </reporter-output>
  <suite started-at="2026-01-15T18:58:51 IST" name="SauceDemo Suite" finished-at="2026-01-15T19:04:14 IST" duration-ms="322302">
    <groups>
      <group name="security">
        <method signature="LoginTest.lockedOutUserTest()[pri:0, instance:Tests.LoginTest@38425407]" name="lockedOutUserTest" class="Tests.LoginTest"/>
        <method signature="LoginTest.longUsernamePasswordTest()[pri:0, instance:Tests.LoginTest@38425407]" name="longUsernamePasswordTest" class="Tests.LoginTest"/>
        <method signature="LoginTest.sqlInjectionAttemptTest()[pri:0, instance:Tests.LoginTest@38425407]" name="sqlInjectionAttemptTest" class="Tests.LoginTest"/>
        <method signature="LoginTest.whitespaceInUsernamePasswordTest()[pri:0, instance:Tests.LoginTest@38425407]" name="whitespaceInUsernamePasswordTest" class="Tests.LoginTest"/>
      </group> <!-- security -->
      <group name="negative">
        <method signature="CartTest.removeItemAndCheckCartEmpty()[pri:0, instance:Tests.CartTest@2cd76f31]" name="removeItemAndCheckCartEmpty" class="Tests.CartTest"/>
        <method signature="CartTest.tryProceedingToCheckoutWithoutItem()[pri:0, instance:Tests.CartTest@2cd76f31]" name="tryProceedingToCheckoutWithoutItem" class="Tests.CartTest"/>
        <method signature="CheckoutTest.checkoutWithMissingUserDetails()[pri:0, instance:Tests.CheckoutTest@367ffa75]" name="checkoutWithMissingUserDetails" class="Tests.CheckoutTest"/>
      </group> <!-- negative -->
      <group name="inputValidation">
        <method signature="LoginTest.emptyPasswordTest()[pri:0, instance:Tests.LoginTest@38425407]" name="emptyPasswordTest" class="Tests.LoginTest"/>
        <method signature="LoginTest.emptyUsernameAndPasswordTest()[pri:0, instance:Tests.LoginTest@38425407]" name="emptyUsernameAndPasswordTest" class="Tests.LoginTest"/>
        <method signature="LoginTest.emptyUsernameTest()[pri:0, instance:Tests.LoginTest@38425407]" name="emptyUsernameTest" class="Tests.LoginTest"/>
      </group> <!-- inputValidation -->
      <group name="positive">
        <method signature="CartTest.verifyItemAddedToCartAndProceedCheckout()[pri:0, instance:Tests.CartTest@2cd76f31]" name="verifyItemAddedToCartAndProceedCheckout" class="Tests.CartTest"/>
        <method signature="CheckoutTest.completeCheckoutFlowSuccessfully()[pri:0, instance:Tests.CheckoutTest@367ffa75]" name="completeCheckoutFlowSuccessfully" class="Tests.CheckoutTest"/>
        <method signature="LoginTest.loginWithValidCredentials()[pri:0, instance:Tests.LoginTest@38425407]" name="loginWithValidCredentials" class="Tests.LoginTest"/>
      </group> <!-- positive -->
      <group name="invalidCreds">
        <method signature="LoginTest.invalidPasswordTest()[pri:0, instance:Tests.LoginTest@38425407]" name="invalidPasswordTest" class="Tests.LoginTest"/>
        <method signature="LoginTest.invalidUsernameTest()[pri:0, instance:Tests.LoginTest@38425407]" name="invalidUsernameTest" class="Tests.LoginTest"/>
      </group> <!-- invalidCreds -->
    </groups>
    <test started-at="2026-01-15T18:58:51 IST" name="Regression Tests" finished-at="2026-01-15T19:04:14 IST" duration-ms="322302">
      <class name="Tests.CartTest">
        <test-method is-config="true" signature="setUp()[pri:0, instance:Tests.CartTest@2cd76f31]" started-at="2026-01-15T19:03:17 IST" name="setUp" finished-at="2026-01-15T19:03:19 IST" duration-ms="2274" status="PASS">
          <reporter-output>
          </reporter-output>
        </test-method> <!-- setUp -->
        <test-method signature="removeItemAndCheckCartEmpty()[pri:0, instance:Tests.CartTest@2cd76f31]" started-at="2026-01-15T19:03:19 IST" name="removeItemAndCheckCartEmpty" finished-at="2026-01-15T19:03:35 IST" duration-ms="15767" status="FAIL">
          <exception class="org.openqa.selenium.NoSuchElementException">
            <message>
              <![CDATA[no such element: Unable to locate element: {"method":"css selector","selector":"#remove\-sauce\-labs\-backpack"}
  (Session info: chrome=143.0.7499.193)
For documentation on this error, please visit: https://www.selenium.dev/documentation/webdriver/troubleshooting/errors#no-such-element-exception
Build info: version: '4.33.0', revision: '2c6aaad03a'
System info: os.name: 'Windows 11', os.arch: 'amd64', os.version: '10.0', java.version: '21.0.7'
Driver info: org.openqa.selenium.chrome.ChromeDriver
Command: [ae4e8072da54fcb0bd8b12ce2d603cdd, findElement {using=id, value=remove-sauce-labs-backpack}]
Capabilities {acceptInsecureCerts: false, browserName: chrome, browserVersion: 143.0.7499.193, chrome: {chromedriverVersion: 143.0.7499.192 (be2c1f4fd45..., userDataDir: C:\Users\Maith\AppData\Loca...}, fedcm:accounts: true, goog:chromeOptions: {debuggerAddress: localhost:63320}, goog:processID: 19108, networkConnectionEnabled: false, pageLoadStrategy: normal, platformName: windows, proxy: Proxy(), se:cdp: ws://localhost:63320/devtoo..., se:cdpVersion: 143.0.7499.193, setWindowRect: true, strictFileInteractability: false, timeouts: {implicit: 0, pageLoad: 300000, script: 30000}, unhandledPromptBehavior: dismiss and notify, webauthn:extension:credBlob: true, webauthn:extension:largeBlob: true, webauthn:extension:minPinLength: true, webauthn:extension:prf: true, webauthn:virtualAuthenticators: true}
Session ID: ae4e8072da54fcb0bd8b12ce2d603cdd]]>
            </message>
            <full-stacktrace>
              <![CDATA[org.openqa.selenium.NoSuchElementException: no such element: Unable to locate element: {"method":"css selector","selector":"#remove\-sauce\-labs\-backpack"}
  (Session info: chrome=143.0.7499.193)
For documentation on this error, please visit: https://www.selenium.dev/documentation/webdriver/troubleshooting/errors#no-such-element-exception
Build info: version: '4.33.0', revision: '2c6aaad03a'
System info: os.name: 'Windows 11', os.arch: 'amd64', os.version: '10.0', java.version: '21.0.7'
Driver info: org.openqa.selenium.chrome.ChromeDriver
Command: [ae4e8072da54fcb0bd8b12ce2d603cdd, findElement {using=id, value=remove-sauce-labs-backpack}]
Capabilities {acceptInsecureCerts: false, browserName: chrome, browserVersion: 143.0.7499.193, chrome: {chromedriverVersion: 143.0.7499.192 (be2c1f4fd45..., userDataDir: C:\Users\Maith\AppData\Loca...}, fedcm:accounts: true, goog:chromeOptions: {debuggerAddress: localhost:63320}, goog:processID: 19108, networkConnectionEnabled: false, pageLoadStrategy: normal, platformName: windows, proxy: Proxy(), se:cdp: ws://localhost:63320/devtoo..., se:cdpVersion: 143.0.7499.193, setWindowRect: true, strictFileInteractability: false, timeouts: {implicit: 0, pageLoad: 300000, script: 30000}, unhandledPromptBehavior: dismiss and notify, webauthn:extension:credBlob: true, webauthn:extension:largeBlob: true, webauthn:extension:minPinLength: true, webauthn:extension:prf: true, webauthn:virtualAuthenticators: true}
Session ID: ae4e8072da54fcb0bd8b12ce2d603cdd
at java.base/jdk.internal.reflect.DirectConstructorHandleAccessor.newInstance(DirectConstructorHandleAccessor.java:62)
at java.base/java.lang.reflect.Constructor.newInstanceWithCaller(Constructor.java:502)
at java.base/java.lang.reflect.Constructor.newInstance(Constructor.java:486)
at org.openqa.selenium.remote.ErrorCodec.decode(ErrorCodec.java:167)
at org.openqa.selenium.remote.codec.w3c.W3CHttpResponseCodec.decode(W3CHttpResponseCodec.java:138)
at org.openqa.selenium.remote.codec.w3c.W3CHttpResponseCodec.decode(W3CHttpResponseCodec.java:50)
at org.openqa.selenium.remote.HttpCommandExecutor.execute(HttpCommandExecutor.java:215)
at org.openqa.selenium.remote.service.DriverCommandExecutor.invokeExecute(DriverCommandExecutor.java:216)
at org.openqa.selenium.remote.service.DriverCommandExecutor.execute(DriverCommandExecutor.java:174)
at org.openqa.selenium.remote.RemoteWebDriver.execute(RemoteWebDriver.java:544)
at org.openqa.selenium.remote.ElementLocation$ElementFinder$2.findElement(ElementLocation.java:165)
at org.openqa.selenium.remote.ElementLocation.findElement(ElementLocation.java:59)
at org.openqa.selenium.remote.RemoteWebDriver.findElement(RemoteWebDriver.java:367)
at org.openqa.selenium.remote.RemoteWebDriver.findElement(RemoteWebDriver.java:361)
at Pages.CartPage.removeItemFromCart(CartPage.java:25)
at Tests.CartTest.removeItemAndCheckCartEmpty(CartTest.java:58)
at java.base/jdk.internal.reflect.DirectMethodHandleAccessor.invoke(DirectMethodHandleAccessor.java:103)
at java.base/java.lang.reflect.Method.invoke(Method.java:580)
at org.testng.internal.invokers.MethodInvocationHelper.invokeMethod(MethodInvocationHelper.java:141)
at org.testng.internal.invokers.TestInvoker.invokeMethod(TestInvoker.java:686)
at org.testng.internal.invokers.TestInvoker.invokeTestMethod(TestInvoker.java:230)
at org.testng.internal.invokers.MethodRunner.runInSequence(MethodRunner.java:63)
at org.testng.internal.invokers.TestInvoker$MethodInvocationAgent.invoke(TestInvoker.java:992)
at org.testng.internal.invokers.TestInvoker.invokeTestMethods(TestInvoker.java:203)
at org.testng.internal.invokers.TestMethodWorker.invokeTestMethods(TestMethodWorker.java:154)
at org.testng.internal.invokers.TestMethodWorker.run(TestMethodWorker.java:134)
at java.base/java.util.ArrayList.forEach(ArrayList.java:1596)
at org.testng.TestRunner.privateRun(TestRunner.java:739)
at org.testng.TestRunner.run(TestRunner.java:614)
at org.testng.SuiteRunner.runTest(SuiteRunner.java:421)
at org.testng.SuiteRunner.runSequentially(SuiteRunner.java:413)
at org.testng.SuiteRunner.privateRun(SuiteRunner.java:373)
at org.testng.SuiteRunner.run(SuiteRunner.java:312)
at org.testng.SuiteRunnerWorker.runSuite(SuiteRunnerWorker.java:52)
at org.testng.SuiteRunnerWorker.run(SuiteRunnerWorker.java:95)
at org.testng.TestNG.runSuitesSequentially(TestNG.java:1274)
at org.testng.TestNG.runSuitesLocally(TestNG.java:1208)
at org.testng.TestNG.runSuites(TestNG.java:1112)
at org.testng.TestNG.run(TestNG.java:1079)
at org.testng.remote.AbstractRemoteTestNG.run(AbstractRemoteTestNG.java:115)
at org.testng.remote.RemoteTestNG.initAndRun(RemoteTestNG.java:293)
at org.testng.remote.RemoteTestNG.main(RemoteTestNG.java:91)
]]>
            </full-stacktrace>
          </exception> <!-- org.openqa.selenium.NoSuchElementException -->
          <reporter-output>
          </reporter-output>
        </test-method> <!-- removeItemAndCheckCartEmpty -->
        <test-method is-config="true" signature="tearDown()[pri:0, instance:Tests.CartTest@2cd76f31]" started-at="2026-01-15T19:03:35 IST" name="tearDown" finished-at="2026-01-15T19:03:35 IST" duration-ms="420" status="PASS">
          <reporter-output>
          </reporter-output>
        </test-method> <!-- tearDown -->
        <test-method is-config="true" signature="setUp()[pri:0, instance:Tests.CartTest@2cd76f31]" started-at="2026-01-15T19:03:35 IST" name="setUp" finished-at="2026-01-15T19:03:38 IST" duration-ms="2503" status="PASS">
          <reporter-output>
          </reporter-output>
        </test-method> <!-- setUp -->
        <test-method signature="tryProceedingToCheckoutWithoutItem()[pri:0, instance:Tests.CartTest@2cd76f31]" started-at="2026-01-15T19:03:38 IST" name="tryProceedingToCheckoutWithoutItem" finished-at="2026-01-15T19:03:38 IST" duration-ms="922" status="PASS">
          <reporter-output>
          </reporter-output>
        </test-method> <!-- tryProceedingToCheckoutWithoutItem -->
        <test-method is-config="true" signature="tearDown()[pri:0, instance:Tests.CartTest@2cd76f31]" started-at="2026-01-15T19:03:38 IST" name="tearDown" finished-at="2026-01-15T19:03:39 IST" duration-ms="285" status="PASS">
          <reporter-output>
          </reporter-output>
        </test-method> <!-- tearDown -->
        <test-method is-config="true" signature="setUp()[pri:0, instance:Tests.CartTest@2cd76f31]" started-at="2026-01-15T19:03:39 IST" name="setUp" finished-at="2026-01-15T19:03:41 IST" duration-ms="2201" status="PASS">
          <reporter-output>
          </reporter-output>
        </test-method> <!-- setUp -->
        <test-method signature="verifyItemAddedToCartAndProceedCheckout()[pri:0, instance:Tests.CartTest@2cd76f31]" started-at="2026-01-15T19:03:41 IST" name="verifyItemAddedToCartAndProceedCheckout" finished-at="2026-01-15T19:03:42 IST" duration-ms="977" status="PASS">
          <reporter-output>
          </reporter-output>
        </test-method> <!-- verifyItemAddedToCartAndProceedCheckout -->
        <test-method is-config="true" signature="tearDown()[pri:0, instance:Tests.CartTest@2cd76f31]" started-at="2026-01-15T19:03:42 IST" name="tearDown" finished-at="2026-01-15T19:03:42 IST" duration-ms="315" status="PASS">
          <reporter-output>
          </reporter-output>
        </test-method> <!-- tearDown -->
      </class> <!-- Tests.CartTest -->
      <class name="Tests.CheckoutTest">
        <test-method is-config="true" signature="setUp()[pri:0, instance:Tests.CheckoutTest@367ffa75]" started-at="2026-01-15T19:03:42 IST" name="setUp" finished-at="2026-01-15T19:03:44 IST" duration-ms="1985" status="PASS">
          <reporter-output>
          </reporter-output>
        </test-method> <!-- setUp -->
        <test-method signature="checkoutWithMissingUserDetails()[pri:0, instance:Tests.CheckoutTest@367ffa75]" started-at="2026-01-15T19:03:44 IST" name="checkoutWithMissingUserDetails" finished-at="2026-01-15T19:03:46 IST" duration-ms="1274" status="PASS">
          <reporter-output>
          </reporter-output>
        </test-method> <!-- checkoutWithMissingUserDetails -->
        <test-method is-config="true" signature="tearDown()[pri:0, instance:Tests.CheckoutTest@367ffa75]" started-at="2026-01-15T19:03:46 IST" name="tearDown" finished-at="2026-01-15T19:03:46 IST" duration-ms="323" status="PASS">
          <reporter-output>
          </reporter-output>
        </test-method> <!-- tearDown -->
        <test-method is-config="true" signature="setUp()[pri:0, instance:Tests.CheckoutTest@367ffa75]" started-at="2026-01-15T19:03:46 IST" name="setUp" finished-at="2026-01-15T19:03:48 IST" duration-ms="2341" status="PASS">
          <reporter-output>
          </reporter-output>
        </test-method> <!-- setUp -->
        <test-method signature="completeCheckoutFlowSuccessfully()[pri:0, instance:Tests.CheckoutTest@367ffa75]" started-at="2026-01-15T19:03:48 IST" name="completeCheckoutFlowSuccessfully" finished-at="2026-01-15T19:03:50 IST" duration-ms="1509" status="PASS">
          <reporter-output>
          </reporter-output>
        </test-method> <!-- completeCheckoutFlowSuccessfully -->
        <test-method is-config="true" signature="tearDown()[pri:0, instance:Tests.CheckoutTest@367ffa75]" started-at="2026-01-15T19:03:50 IST" name="tearDown" finished-at="2026-01-15T19:03:50 IST" duration-ms="338" status="PASS">
          <reporter-output>
          </reporter-output>
        </test-method> <!-- tearDown -->
      </class> <!-- Tests.CheckoutTest -->
      <class name="Tests.InventoryTest">
        <test-method is-config="true" signature="setUp()[pri:0, instance:Tests.InventoryTest@49438269]" started-at="2026-01-15T19:03:50 IST" name="setUp" finished-at="2026-01-15T19:03:53 IST" duration-ms="3178" status="PASS">
          <reporter-output>
          </reporter-output>
        </test-method> <!-- setUp -->
        <test-method signature="addItemThenVerifyButtonText()[pri:0, instance:Tests.InventoryTest@49438269]" started-at="2026-01-15T19:03:53 IST" name="addItemThenVerifyButtonText" finished-at="2026-01-15T19:04:06 IST" duration-ms="12819" status="FAIL">
          <exception class="org.openqa.selenium.NoSuchElementException">
            <message>
              <![CDATA[no such element: Unable to locate element: {"method":"css selector","selector":"#remove\-sauce\-labs\-backpack"}
  (Session info: chrome=143.0.7499.193)
For documentation on this error, please visit: https://www.selenium.dev/documentation/webdriver/troubleshooting/errors#no-such-element-exception
Build info: version: '4.33.0', revision: '2c6aaad03a'
System info: os.name: 'Windows 11', os.arch: 'amd64', os.version: '10.0', java.version: '21.0.7'
Driver info: org.openqa.selenium.chrome.ChromeDriver
Command: [e71bffe20b32dadc38994bead79509e0, findElement {using=id, value=remove-sauce-labs-backpack}]
Capabilities {acceptInsecureCerts: false, browserName: chrome, browserVersion: 143.0.7499.193, chrome: {chromedriverVersion: 143.0.7499.192 (be2c1f4fd45..., userDataDir: C:\Users\Maith\AppData\Loca...}, fedcm:accounts: true, goog:chromeOptions: {debuggerAddress: localhost:52181}, goog:processID: 16992, networkConnectionEnabled: false, pageLoadStrategy: normal, platformName: windows, proxy: Proxy(), se:cdp: ws://localhost:52181/devtoo..., se:cdpVersion: 143.0.7499.193, setWindowRect: true, strictFileInteractability: false, timeouts: {implicit: 0, pageLoad: 300000, script: 30000}, unhandledPromptBehavior: dismiss and notify, webauthn:extension:credBlob: true, webauthn:extension:largeBlob: true, webauthn:extension:minPinLength: true, webauthn:extension:prf: true, webauthn:virtualAuthenticators: true}
Session ID: e71bffe20b32dadc38994bead79509e0]]>
            </message>
            <full-stacktrace>
              <![CDATA[org.openqa.selenium.NoSuchElementException: no such element: Unable to locate element: {"method":"css selector","selector":"#remove\-sauce\-labs\-backpack"}
  (Session info: chrome=143.0.7499.193)
For documentation on this error, please visit: https://www.selenium.dev/documentation/webdriver/troubleshooting/errors#no-such-element-exception
Build info: version: '4.33.0', revision: '2c6aaad03a'
System info: os.name: 'Windows 11', os.arch: 'amd64', os.version: '10.0', java.version: '21.0.7'
Driver info: org.openqa.selenium.chrome.ChromeDriver
Command: [e71bffe20b32dadc38994bead79509e0, findElement {using=id, value=remove-sauce-labs-backpack}]
Capabilities {acceptInsecureCerts: false, browserName: chrome, browserVersion: 143.0.7499.193, chrome: {chromedriverVersion: 143.0.7499.192 (be2c1f4fd45..., userDataDir: C:\Users\Maith\AppData\Loca...}, fedcm:accounts: true, goog:chromeOptions: {debuggerAddress: localhost:52181}, goog:processID: 16992, networkConnectionEnabled: false, pageLoadStrategy: normal, platformName: windows, proxy: Proxy(), se:cdp: ws://localhost:52181/devtoo..., se:cdpVersion: 143.0.7499.193, setWindowRect: true, strictFileInteractability: false, timeouts: {implicit: 0, pageLoad: 300000, script: 30000}, unhandledPromptBehavior: dismiss and notify, webauthn:extension:credBlob: true, webauthn:extension:largeBlob: true, webauthn:extension:minPinLength: true, webauthn:extension:prf: true, webauthn:virtualAuthenticators: true}
Session ID: e71bffe20b32dadc38994bead79509e0
at java.base/jdk.internal.reflect.DirectConstructorHandleAccessor.newInstance(DirectConstructorHandleAccessor.java:62)
at java.base/java.lang.reflect.Constructor.newInstanceWithCaller(Constructor.java:502)
at java.base/java.lang.reflect.Constructor.newInstance(Constructor.java:486)
at org.openqa.selenium.remote.ErrorCodec.decode(ErrorCodec.java:167)
at org.openqa.selenium.remote.codec.w3c.W3CHttpResponseCodec.decode(W3CHttpResponseCodec.java:138)
at org.openqa.selenium.remote.codec.w3c.W3CHttpResponseCodec.decode(W3CHttpResponseCodec.java:50)
at org.openqa.selenium.remote.HttpCommandExecutor.execute(HttpCommandExecutor.java:215)
at org.openqa.selenium.remote.service.DriverCommandExecutor.invokeExecute(DriverCommandExecutor.java:216)
at org.openqa.selenium.remote.service.DriverCommandExecutor.execute(DriverCommandExecutor.java:174)
at org.openqa.selenium.remote.RemoteWebDriver.execute(RemoteWebDriver.java:544)
at org.openqa.selenium.remote.ElementLocation$ElementFinder$2.findElement(ElementLocation.java:165)
at org.openqa.selenium.remote.ElementLocation.findElement(ElementLocation.java:59)
at org.openqa.selenium.remote.RemoteWebDriver.findElement(RemoteWebDriver.java:367)
at org.openqa.selenium.remote.RemoteWebDriver.findElement(RemoteWebDriver.java:361)
at Tests.InventoryTest.addItemThenVerifyButtonText(InventoryTest.java:41)
at java.base/jdk.internal.reflect.DirectMethodHandleAccessor.invoke(DirectMethodHandleAccessor.java:103)
at java.base/java.lang.reflect.Method.invoke(Method.java:580)
at org.testng.internal.invokers.MethodInvocationHelper.invokeMethod(MethodInvocationHelper.java:141)
at org.testng.internal.invokers.TestInvoker.invokeMethod(TestInvoker.java:686)
at org.testng.internal.invokers.TestInvoker.invokeTestMethod(TestInvoker.java:230)
at org.testng.internal.invokers.MethodRunner.runInSequence(MethodRunner.java:63)
at org.testng.internal.invokers.TestInvoker$MethodInvocationAgent.invoke(TestInvoker.java:992)
at org.testng.internal.invokers.TestInvoker.invokeTestMethods(TestInvoker.java:203)
at org.testng.internal.invokers.TestMethodWorker.invokeTestMethods(TestMethodWorker.java:154)
at org.testng.internal.invokers.TestMethodWorker.run(TestMethodWorker.java:134)
at java.base/java.util.ArrayList.forEach(ArrayList.java:1596)
at org.testng.TestRunner.privateRun(TestRunner.java:739)
at org.testng.TestRunner.run(TestRunner.java:614)
at org.testng.SuiteRunner.runTest(SuiteRunner.java:421)
at org.testng.SuiteRunner.runSequentially(SuiteRunner.java:413)
at org.testng.SuiteRunner.privateRun(SuiteRunner.java:373)
at org.testng.SuiteRunner.run(SuiteRunner.java:312)
at org.testng.SuiteRunnerWorker.runSuite(SuiteRunnerWorker.java:52)
at org.testng.SuiteRunnerWorker.run(SuiteRunnerWorker.java:95)
at org.testng.TestNG.runSuitesSequentially(TestNG.java:1274)
at org.testng.TestNG.runSuitesLocally(TestNG.java:1208)
at org.testng.TestNG.runSuites(TestNG.java:1112)
at org.testng.TestNG.run(TestNG.java:1079)
at org.testng.remote.AbstractRemoteTestNG.run(AbstractRemoteTestNG.java:115)
at org.testng.remote.RemoteTestNG.initAndRun(RemoteTestNG.java:293)
at org.testng.remote.RemoteTestNG.main(RemoteTestNG.java:91)
]]>
            </full-stacktrace>
          </exception> <!-- org.openqa.selenium.NoSuchElementException -->
          <reporter-output>
          </reporter-output>
        </test-method> <!-- addItemThenVerifyButtonText -->
        <test-method is-config="true" signature="tearDown()[pri:0, instance:Tests.InventoryTest@49438269]" started-at="2026-01-15T19:04:06 IST" name="tearDown" finished-at="2026-01-15T19:04:06 IST" duration-ms="381" status="PASS">
          <reporter-output>
          </reporter-output>
        </test-method> <!-- tearDown -->
        <test-method is-config="true" signature="setUp()[pri:0, instance:Tests.InventoryTest@49438269]" started-at="2026-01-15T19:04:06 IST" name="setUp" finished-at="2026-01-15T19:04:09 IST" duration-ms="2211" status="PASS">
          <reporter-output>
          </reporter-output>
        </test-method> <!-- setUp -->
        <test-method signature="addItemToCartTest()[pri:0, instance:Tests.InventoryTest@49438269]" started-at="2026-01-15T19:04:09 IST" name="addItemToCartTest" finished-at="2026-01-15T19:04:13 IST" duration-ms="4751" status="FAIL">
          <exception class="java.lang.AssertionError">
            <message>
              <![CDATA[Not navigated to cart page expected [true] but found [false]]]>
            </message>
            <full-stacktrace>
              <![CDATA[java.lang.AssertionError: Not navigated to cart page expected [true] but found [false]
at org.testng.Assert.fail(Assert.java:111)
at org.testng.Assert.failNotEquals(Assert.java:1578)
at org.testng.Assert.assertTrue(Assert.java:57)
at Tests.InventoryTest.addItemToCartTest(InventoryTest.java:28)
at java.base/jdk.internal.reflect.DirectMethodHandleAccessor.invoke(DirectMethodHandleAccessor.java:103)
at java.base/java.lang.reflect.Method.invoke(Method.java:580)
at org.testng.internal.invokers.MethodInvocationHelper.invokeMethod(MethodInvocationHelper.java:141)
at org.testng.internal.invokers.TestInvoker.invokeMethod(TestInvoker.java:686)
at org.testng.internal.invokers.TestInvoker.invokeTestMethod(TestInvoker.java:230)
at org.testng.internal.invokers.MethodRunner.runInSequence(MethodRunner.java:63)
at org.testng.internal.invokers.TestInvoker$MethodInvocationAgent.invoke(TestInvoker.java:992)
at org.testng.internal.invokers.TestInvoker.invokeTestMethods(TestInvoker.java:203)
at org.testng.internal.invokers.TestMethodWorker.invokeTestMethods(TestMethodWorker.java:154)
at org.testng.internal.invokers.TestMethodWorker.run(TestMethodWorker.java:134)
at java.base/java.util.ArrayList.forEach(ArrayList.java:1596)
at org.testng.TestRunner.privateRun(TestRunner.java:739)
at org.testng.TestRunner.run(TestRunner.java:614)
at org.testng.SuiteRunner.runTest(SuiteRunner.java:421)
at org.testng.SuiteRunner.runSequentially(SuiteRunner.java:413)
at org.testng.SuiteRunner.privateRun(SuiteRunner.java:373)
at org.testng.SuiteRunner.run(SuiteRunner.java:312)
at org.testng.SuiteRunnerWorker.runSuite(SuiteRunnerWorker.java:52)
at org.testng.SuiteRunnerWorker.run(SuiteRunnerWorker.java:95)
at org.testng.TestNG.runSuitesSequentially(TestNG.java:1274)
at org.testng.TestNG.runSuitesLocally(TestNG.java:1208)
at org.testng.TestNG.runSuites(TestNG.java:1112)
at org.testng.TestNG.run(TestNG.java:1079)
at org.testng.remote.AbstractRemoteTestNG.run(AbstractRemoteTestNG.java:115)
at org.testng.remote.RemoteTestNG.initAndRun(RemoteTestNG.java:293)
at org.testng.remote.RemoteTestNG.main(RemoteTestNG.java:91)
]]>
            </full-stacktrace>
          </exception> <!-- java.lang.AssertionError -->
          <reporter-output>
          </reporter-output>
        </test-method> <!-- addItemToCartTest -->
        <test-method is-config="true" signature="tearDown()[pri:0, instance:Tests.InventoryTest@49438269]" started-at="2026-01-15T19:04:13 IST" name="tearDown" finished-at="2026-01-15T19:04:14 IST" duration-ms="409" status="PASS">
          <reporter-output>
          </reporter-output>
        </test-method> <!-- tearDown -->
      </class> <!-- Tests.InventoryTest -->
      <class name="Tests.LoginTest">
        <test-method is-config="true" signature="setUp()[pri:0, instance:Tests.LoginTest@38425407]" started-at="2026-01-15T18:58:52 IST" name="setUp" finished-at="2026-01-15T19:02:23 IST" duration-ms="211371" status="PASS">
          <reporter-output>
          </reporter-output>
        </test-method> <!-- setUp -->
        <test-method signature="emptyPasswordTest()[pri:0, instance:Tests.LoginTest@38425407]" started-at="2026-01-15T19:02:23 IST" name="emptyPasswordTest" finished-at="2026-01-15T19:02:24 IST" duration-ms="671" status="PASS">
          <reporter-output>
          </reporter-output>
        </test-method> <!-- emptyPasswordTest -->
        <test-method is-config="true" signature="tearDown()[pri:0, instance:Tests.LoginTest@38425407]" started-at="2026-01-15T19:02:24 IST" name="tearDown" finished-at="2026-01-15T19:02:25 IST" duration-ms="1268" status="PASS">
          <reporter-output>
          </reporter-output>
        </test-method> <!-- tearDown -->
        <test-method is-config="true" signature="setUp()[pri:0, instance:Tests.LoginTest@38425407]" started-at="2026-01-15T19:02:25 IST" name="setUp" finished-at="2026-01-15T19:02:27 IST" duration-ms="2548" status="PASS">
          <reporter-output>
          </reporter-output>
        </test-method> <!-- setUp -->
        <test-method signature="emptyUsernameAndPasswordTest()[pri:0, instance:Tests.LoginTest@38425407]" started-at="2026-01-15T19:02:27 IST" name="emptyUsernameAndPasswordTest" finished-at="2026-01-15T19:02:29 IST" duration-ms="1074" status="PASS">
          <reporter-output>
          </reporter-output>
        </test-method> <!-- emptyUsernameAndPasswordTest -->
        <test-method is-config="true" signature="tearDown()[pri:0, instance:Tests.LoginTest@38425407]" started-at="2026-01-15T19:02:29 IST" name="tearDown" finished-at="2026-01-15T19:02:29 IST" duration-ms="233" status="PASS">
          <reporter-output>
          </reporter-output>
        </test-method> <!-- tearDown -->
        <test-method is-config="true" signature="setUp()[pri:0, instance:Tests.LoginTest@38425407]" started-at="2026-01-15T19:02:29 IST" name="setUp" finished-at="2026-01-15T19:02:31 IST" duration-ms="2357" status="PASS">
          <reporter-output>
          </reporter-output>
        </test-method> <!-- setUp -->
        <test-method signature="emptyUsernameTest()[pri:0, instance:Tests.LoginTest@38425407]" started-at="2026-01-15T19:02:31 IST" name="emptyUsernameTest" finished-at="2026-01-15T19:02:32 IST" duration-ms="475" status="PASS">
          <reporter-output>
          </reporter-output>
        </test-method> <!-- emptyUsernameTest -->
        <test-method is-config="true" signature="tearDown()[pri:0, instance:Tests.LoginTest@38425407]" started-at="2026-01-15T19:02:32 IST" name="tearDown" finished-at="2026-01-15T19:02:32 IST" duration-ms="294" status="PASS">
          <reporter-output>
          </reporter-output>
        </test-method> <!-- tearDown -->
        <test-method is-config="true" signature="setUp()[pri:0, instance:Tests.LoginTest@38425407]" started-at="2026-01-15T19:02:32 IST" name="setUp" finished-at="2026-01-15T19:02:34 IST" duration-ms="2396" status="PASS">
          <reporter-output>
          </reporter-output>
        </test-method> <!-- setUp -->
        <test-method signature="invalidPasswordTest()[pri:0, instance:Tests.LoginTest@38425407]" started-at="2026-01-15T19:02:34 IST" name="invalidPasswordTest" finished-at="2026-01-15T19:02:35 IST" duration-ms="512" status="PASS">
          <reporter-output>
          </reporter-output>
        </test-method> <!-- invalidPasswordTest -->
        <test-method is-config="true" signature="tearDown()[pri:0, instance:Tests.LoginTest@38425407]" started-at="2026-01-15T19:02:35 IST" name="tearDown" finished-at="2026-01-15T19:02:35 IST" duration-ms="236" status="PASS">
          <reporter-output>
          </reporter-output>
        </test-method> <!-- tearDown -->
        <test-method is-config="true" signature="setUp()[pri:0, instance:Tests.LoginTest@38425407]" started-at="2026-01-15T19:02:35 IST" name="setUp" finished-at="2026-01-15T19:02:38 IST" duration-ms="3126" status="PASS">
          <reporter-output>
          </reporter-output>
        </test-method> <!-- setUp -->
        <test-method signature="invalidUsernameTest()[pri:0, instance:Tests.LoginTest@38425407]" started-at="2026-01-15T19:02:38 IST" name="invalidUsernameTest" finished-at="2026-01-15T19:02:39 IST" duration-ms="553" status="PASS">
          <reporter-output>
          </reporter-output>
        </test-method> <!-- invalidUsernameTest -->
        <test-method is-config="true" signature="tearDown()[pri:0, instance:Tests.LoginTest@38425407]" started-at="2026-01-15T19:02:39 IST" name="tearDown" finished-at="2026-01-15T19:02:39 IST" duration-ms="335" status="PASS">
          <reporter-output>
          </reporter-output>
        </test-method> <!-- tearDown -->
        <test-method is-config="true" signature="setUp()[pri:0, instance:Tests.LoginTest@38425407]" started-at="2026-01-15T19:02:39 IST" name="setUp" finished-at="2026-01-15T19:03:00 IST" duration-ms="21285" status="PASS">
          <reporter-output>
          </reporter-output>
        </test-method> <!-- setUp -->
        <test-method signature="lockedOutUserTest()[pri:0, instance:Tests.LoginTest@38425407]" started-at="2026-01-15T19:03:00 IST" name="lockedOutUserTest" finished-at="2026-01-15T19:03:01 IST" duration-ms="652" status="PASS">
          <reporter-output>
          </reporter-output>
        </test-method> <!-- lockedOutUserTest -->
        <test-method is-config="true" signature="tearDown()[pri:0, instance:Tests.LoginTest@38425407]" started-at="2026-01-15T19:03:01 IST" name="tearDown" finished-at="2026-01-15T19:03:01 IST" duration-ms="294" status="PASS">
          <reporter-output>
          </reporter-output>
        </test-method> <!-- tearDown -->
        <test-method is-config="true" signature="setUp()[pri:0, instance:Tests.LoginTest@38425407]" started-at="2026-01-15T19:03:01 IST" name="setUp" finished-at="2026-01-15T19:03:03 IST" duration-ms="1663" status="PASS">
          <reporter-output>
          </reporter-output>
        </test-method> <!-- setUp -->
        <test-method signature="loginWithValidCredentials()[pri:0, instance:Tests.LoginTest@38425407]" started-at="2026-01-15T19:03:03 IST" name="loginWithValidCredentials" finished-at="2026-01-15T19:03:05 IST" duration-ms="2020" status="PASS">
          <reporter-output>
          </reporter-output>
        </test-method> <!-- loginWithValidCredentials -->
        <test-method is-config="true" signature="tearDown()[pri:0, instance:Tests.LoginTest@38425407]" started-at="2026-01-15T19:03:05 IST" name="tearDown" finished-at="2026-01-15T19:03:05 IST" duration-ms="309" status="PASS">
          <reporter-output>
          </reporter-output>
        </test-method> <!-- tearDown -->
        <test-method is-config="true" signature="setUp()[pri:0, instance:Tests.LoginTest@38425407]" started-at="2026-01-15T19:03:05 IST" name="setUp" finished-at="2026-01-15T19:03:08 IST" duration-ms="2408" status="PASS">
          <reporter-output>
          </reporter-output>
        </test-method> <!-- setUp -->
        <test-method signature="longUsernamePasswordTest()[pri:0, instance:Tests.LoginTest@38425407]" started-at="2026-01-15T19:03:08 IST" name="longUsernamePasswordTest" finished-at="2026-01-15T19:03:09 IST" duration-ms="1280" status="PASS">
          <reporter-output>
          </reporter-output>
        </test-method> <!-- longUsernamePasswordTest -->
        <test-method is-config="true" signature="tearDown()[pri:0, instance:Tests.LoginTest@38425407]" started-at="2026-01-15T19:03:09 IST" name="tearDown" finished-at="2026-01-15T19:03:09 IST" duration-ms="272" status="PASS">
          <reporter-output>
          </reporter-output>
        </test-method> <!-- tearDown -->
        <test-method is-config="true" signature="setUp()[pri:0, instance:Tests.LoginTest@38425407]" started-at="2026-01-15T19:03:09 IST" name="setUp" finished-at="2026-01-15T19:03:12 IST" duration-ms="2520" status="PASS">
          <reporter-output>
          </reporter-output>
        </test-method> <!-- setUp -->
        <test-method signature="sqlInjectionAttemptTest()[pri:0, instance:Tests.LoginTest@38425407]" started-at="2026-01-15T19:03:12 IST" name="sqlInjectionAttemptTest" finished-at="2026-01-15T19:03:12 IST" duration-ms="480" status="PASS">
          <reporter-output>
          </reporter-output>
        </test-method> <!-- sqlInjectionAttemptTest -->
        <test-method is-config="true" signature="tearDown()[pri:0, instance:Tests.LoginTest@38425407]" started-at="2026-01-15T19:03:12 IST" name="tearDown" finished-at="2026-01-15T19:03:13 IST" duration-ms="327" status="PASS">
          <reporter-output>
          </reporter-output>
        </test-method> <!-- tearDown -->
        <test-method is-config="true" signature="setUp()[pri:0, instance:Tests.LoginTest@38425407]" started-at="2026-01-15T19:03:13 IST" name="setUp" finished-at="2026-01-15T19:03:16 IST" duration-ms="3027" status="PASS">
          <reporter-output>
          </reporter-output>
        </test-method> <!-- setUp -->
        <test-method signature="whitespaceInUsernamePasswordTest()[pri:0, instance:Tests.LoginTest@38425407]" started-at="2026-01-15T19:03:16 IST" name="whitespaceInUsernamePasswordTest" finished-at="2026-01-15T19:03:16 IST" duration-ms="627" status="PASS">
          <reporter-output>
          </reporter-output>
        </test-method> <!-- whitespaceInUsernamePasswordTest -->
        <test-method is-config="true" signature="tearDown()[pri:0, instance:Tests.LoginTest@38425407]" started-at="2026-01-15T19:03:16 IST" name="tearDown" finished-at="2026-01-15T19:03:17 IST" duration-ms="343" status="PASS">
          <reporter-output>
          </reporter-output>
        </test-method> <!-- tearDown -->
      </class> <!-- Tests.LoginTest -->
    </test> <!-- Regression Tests -->
  </suite> <!-- SauceDemo Suite -->
</testng-results>
